07/20/2021 17:14:27 PM - INFO - Start
07/20/2021 17:14:27 PM - ERROR - -----****长-12不合法***-----
Traceback (most recent call last):
  File "C:\Users\admin\PycharmProjects\Qt_Demo\Main\Volume.py", line 14, in Cuboid
    raise PositiveIntegerError
Error_info.PositiveIntegerError: 请输入大于0的数
Stack (most recent call last):
  File "C:\Users\admin\PycharmProjects\Qt_Demo\Main\Volume.py", line 41, in <module>
    newShape.Cuboid(-12,-3,-4)
  File "C:\Users\admin\PycharmProjects\Qt_Demo\Main\Volume.py", line 18, in Cuboid
    logging.error("-----****长%d不合法***-----" % length, exc_info=True, stack_info=True)
07/20/2021 17:14:27 PM - ERROR - -----****高-4不合法***-----
Traceback (most recent call last):
  File "C:\Users\admin\PycharmProjects\Qt_Demo\Main\Volume.py", line 14, in Cuboid
    raise PositiveIntegerError
Error_info.PositiveIntegerError: 请输入大于0的数
Stack (most recent call last):
  File "C:\Users\admin\PycharmProjects\Qt_Demo\Main\Volume.py", line 41, in <module>
    newShape.Cuboid(-12,-3,-4)
  File "C:\Users\admin\PycharmProjects\Qt_Demo\Main\Volume.py", line 20, in Cuboid
    logging.error("-----****高%d不合法***-----" % height, exc_info=True, stack_info=True)
07/20/2021 17:14:27 PM - ERROR - -----****宽-3不合法***-----
Traceback (most recent call last):
  File "C:\Users\admin\PycharmProjects\Qt_Demo\Main\Volume.py", line 14, in Cuboid
    raise PositiveIntegerError
Error_info.PositiveIntegerError: 请输入大于0的数
Stack (most recent call last):
  File "C:\Users\admin\PycharmProjects\Qt_Demo\Main\Volume.py", line 41, in <module>
    newShape.Cuboid(-12,-3,-4)
  File "C:\Users\admin\PycharmProjects\Qt_Demo\Main\Volume.py", line 22, in Cuboid
    logging.error("-----****宽%d不合法***-----" % width, exc_info=True, stack_info=True)
